*design* DebussyLib (btIdent 2012.01)
Command arguments:
    +define+verilog
    /home/m103/m103061604/EDA_hw2/tsmc18.v
    /home/m103/m103061608/SquareVig/EDA_hw2/03_GATE_SIM/square_root_finder_syn.v
    /home/m103/m103061608/SquareVig/EDA_hw2/03_GATE_SIM/testbench.v

Highest level modules:
BENCX1
BENCX2
BENCX4
BMXX1
CMPR22X1
CMPR32X1
CMPR42X1
CMPR42X2
AFHCINX2
AFHCINX4
AFHCONX2
AFHCONX4
AHHCINX2
AHHCINX4
AHHCONX2
AHHCONX4
AFCSHCINX2
AFCSHCINX4
AFCSHCONX2
AFCSHCONX4
XNOR3X2
XNOR3X4
XOR3X2
XOR3X4
RFRDX1
RFRDX2
RFRDX4
RF2R1WX2
RF1R1WX2
ADDFHX1
ADDFHX2
ADDFHX4
ADDFHXL
ADDFX1
ADDFX2
ADDFX4
ADDFXL
ADDHX1
ADDHX2
ADDHX4
ADDHXL
AND2X4
AND2XL
AND3X1
AND3X2
AND3X4
AND3XL
AND4X1
AND4X2
AND4X4
AND4XL
AOI211X1
AOI211X2
AOI211X4
AOI211XL
AOI21X1
AOI21X2
AOI21X4
AOI21XL
AOI221X1
AOI221X2
AOI221X4
AOI221XL
AOI222X1
AOI222X2
AOI222X4
AOI222XL
AOI22X1
AOI22X2
AOI22X4
AOI22XL
AOI2BB1X1
AOI2BB1X2
AOI2BB1X4
AOI2BB1XL
AOI2BB2X1
AOI2BB2X2
AOI2BB2X4
AOI2BB2XL
AOI31X1
AOI31X2
AOI31X4
AOI31XL
AOI32X1
AOI32X2
AOI32X4
AOI32XL
AOI33X1
AOI33X2
AOI33X4
AOI33XL
BUFX12
BUFX16
BUFX1
BUFX20
BUFX2
BUFX3
BUFX4
BUFX8
BUFXL
CLKBUFX12
CLKBUFX16
CLKBUFX1
CLKBUFX20
CLKBUFX2
CLKBUFX3
CLKBUFX4
CLKBUFX8
CLKBUFXL
CLKINVX12
CLKINVX16
CLKINVX1
CLKINVX20
CLKINVX2
CLKINVX3
CLKINVX4
CLKINVX8
CLKINVXL
DFFX1
DFFX2
DFFX4
DFFXL
DFFHQX2
DFFHQX4
DFFHQXL
DFFNX1
DFFNX2
DFFNX4
DFFNXL
DFFNRX1
DFFNRX2
DFFNRX4
DFFNRXL
DFFNSX1
DFFNSX2
DFFNSX4
DFFNSXL
DFFNSRX1
DFFNSRX2
DFFNSRX4
DFFNSRXL
DFFRX1
DFFRX2
DFFRX4
DFFRXL
DFFRHQX1
DFFRHQX2
DFFRHQX4
DFFRHQXL
DFFSX1
DFFSX2
DFFSX4
DFFSXL
DFFSHQX1
DFFSHQX2
DFFSHQX4
DFFSHQXL
DFFSRX1
DFFSRX2
DFFSRX4
DFFSRXL
DFFSRHQX1
DFFSRHQX2
DFFSRHQX4
DFFSRHQXL
DFFTRX1
DFFTRX2
DFFTRX4
DFFTRXL
DLY1X1
DLY2X1
DLY3X1
DLY4X1
EDFFX1
EDFFX2
EDFFX4
EDFFXL
EDFFTRX1
EDFFTRX2
EDFFTRX4
EDFFTRXL
HOLDX1
INVX12
INVX16
INVX20
INVX2
INVX3
INVX4
INVX8
INVXL
JKFFX1
JKFFX2
JKFFX4
JKFFXL
JKFFRX1
JKFFRX2
JKFFRX4
JKFFRXL
JKFFSX1
JKFFSX2
JKFFSX4
JKFFSXL
JKFFSRX1
JKFFSRX2
JKFFSRX4
JKFFSRXL
MX2X1
MX2X2
MX2X4
MX2XL
MX4X1
MX4X2
MX4X4
MX4XL
MXI2X1
MXI2X2
MXI2X4
MXI2XL
MXI4X1
MXI4X2
MXI4X4
MXI4XL
NAND2X2
NAND2X4
NAND2XL
NAND2BX1
NAND2BX2
NAND2BX4
NAND2BXL
NAND3X2
NAND3X4
NAND3XL
NAND3BX1
NAND3BX2
NAND3BX4
NAND3BXL
NAND4X2
NAND4X4
NAND4XL
NAND4BX1
NAND4BX2
NAND4BX4
NAND4BXL
NAND4BBX1
NAND4BBX2
NAND4BBX4
NAND4BBXL
NOR2X1
NOR2X2
NOR2X4
NOR2XL
NOR2BX1
NOR2BX2
NOR2BX4
NOR2BXL
NOR3X2
NOR3X4
NOR3XL
NOR3BX1
NOR3BX2
NOR3BX4
NOR3BXL
NOR4X2
NOR4X4
NOR4XL
NOR4BX2
NOR4BX4
NOR4BXL
NOR4BBX1
NOR4BBX2
NOR4BBX4
NOR4BBXL
OAI211X1
OAI211X2
OAI211X4
OAI211XL
OAI21X1
OAI21X2
OAI21X4
OAI21XL
OAI221X1
OAI221X2
OAI221X4
OAI221XL
OAI222X1
OAI222X2
OAI222X4
OAI222XL
OAI22X2
OAI22X4
OAI22XL
OAI2BB1X1
OAI2BB1X2
OAI2BB1X4
OAI2BB1XL
OAI2BB2X1
OAI2BB2X2
OAI2BB2X4
OAI2BB2XL
OAI31X1
OAI31X2
OAI31X4
OAI31XL
OAI32X1
OAI32X2
OAI32X4
OAI32XL
OAI33X1
OAI33X2
OAI33X4
OAI33XL
OR2X1
OR2X4
OR2XL
OR3X1
OR3X2
OR3X4
OR4X1
OR4X4
OR4XL
RSLATX1
RSLATX2
RSLATX4
RSLATXL
RSLATNX1
RSLATNX2
RSLATNX4
RSLATNXL
SDFFX1
SDFFX2
SDFFX4
SDFFXL
SDFFHQX1
SDFFHQX2
SDFFHQX4
SDFFHQXL
SDFFNX1
SDFFNX2
SDFFNX4
SDFFNXL
SDFFNRX1
SDFFNRX2
SDFFNRX4
SDFFNRXL
SDFFNSX1
SDFFNSX2
SDFFNSX4
SDFFNSXL
SDFFNSRX1
SDFFNSRX2
SDFFNSRX4
SDFFNSRXL
SDFFRX1
SDFFRX2
SDFFRX4
SDFFRXL
SDFFRHQX1
SDFFRHQX2
SDFFRHQX4
SDFFRHQXL
SDFFSX1
SDFFSX2
SDFFSX4
SDFFSXL
SDFFSHQX1
SDFFSHQX2
SDFFSHQX4
SDFFSHQXL
SDFFSRX1
SDFFSRX2
SDFFSRX4
SDFFSRXL
SDFFSRHQX1
SDFFSRHQX2
SDFFSRHQX4
SDFFSRHQXL
SDFFTRX1
SDFFTRX2
SDFFTRX4
SDFFTRXL
SEDFFHQX1
SEDFFHQX2
SEDFFHQX4
SEDFFHQXL
SEDFFX1
SEDFFX2
SEDFFX4
SEDFFXL
SEDFFTRX1
SEDFFTRX2
SEDFFTRX4
SEDFFTRXL
TBUFX12
TBUFX16
TBUFX1
TBUFX20
TBUFX2
TBUFX3
TBUFX4
TBUFX8
TBUFXL
TBUFIX12
TBUFIX16
TBUFIX1
TBUFIX20
TBUFIX2
TBUFIX3
TBUFIX4
TBUFIX8
TBUFIXL
TIEHI
TIELO
TTLATX1
TTLATX2
TTLATX4
TTLATXL
TLATX1
TLATX2
TLATX4
TLATXL
TLATNX1
TLATNX2
TLATNX4
TLATNXL
TLATNRX1
TLATNRX2
TLATNRX4
TLATNRXL
TLATNSX1
TLATNSX2
TLATNSX4
TLATNSXL
TLATNSRX1
TLATNSRX2
TLATNSRX4
TLATNSRXL
TLATRX1
TLATRX2
TLATRX4
TLATRXL
TLATSX1
TLATSX2
TLATSX4
TLATSXL
TLATSRX1
TLATSRX2
TLATSRX4
TLATSRXL
XNOR2X1
XNOR2X2
XNOR2X4
XNOR2XL
XOR2X2
XOR2X4
XOR2XL
testbench

Total	0 error(s),   0 warning(s)
