ncsim 11.10-s072
Linux 2.6.18-274.17.1.el5 #1 SMP Tue Jan 10 17:25:58 EST 2012 x86_64
CPU cores: 8
Limit information:
======================================
cputime			unlimited
filesize		unlimited
datasize		unlimited
stacksize		10240 kbytes
coredumpsize	0 kbytes
memoryuse		unlimited
vmemoryuse		unlimited
descriptors		1024
memorylocked	32 kbytes
maxproc			278528
======================================
Runtime environment variables:
MENTOR_LIC_SET=TRUE
QTDIR=/usr/lib64/qt-3.3
SOFT_MAN_DIR=/usr/cadtool/cad/synopsys/coreconsultant/cur/doc/dware/man
HPEESOF_DIR=/usr/cadtool/agilent/ADS
SNPS_SIMIF=/usr/cad/synopsys/hspice/cur/simif
SHELL=/usr/bin/tcsh
installdir=/usr/cad/synopsys/hspice/cur/hspice
MACHTYPE=x86_64
LESSOPEN=|/usr/bin/lesspipe.sh %s
MGC_LOCATION_MAP=NO_MAP
SSH_CONNECTION=140.114.24.76 48102 140.114.24.98 22
PATH=/usr/cad/synopsys/spice_explorer/cur/bin:/usr/bin/:/usr/usr/cadtool/Brains/BRAINS-CentOS-5.5-x86_64/bin:/usr/cad/synopsys/vcs/cur/bin:/usr/cad/synopsys/vcs/cur/linux/bin:/usr/cad/synopsys/vcs/cur/linux/util:/usr/cad/synopsys/vcs/cur/linux/flexlm:/usr/cadtool/silvaco/bin:/usr/cadtool/jeroo/Jeroo.jar/:/usr/laker/bin:/usr/cadtool/cad/synopsys/laker/cur/bin:/usr/cad/synopsys/tmax/cur/bin:/usr/cadtool/mentor/tessent/cur/bin:/usr/bin/X11:/usr/cad/synopsys/synthesis/cur/linux/syn/bin:/usr/cadtool/tcad/current/bin:/usr/cadtool/tcad/K_2015.06/bin:/usr/cadtool/cad/synopsys/raphael_2015.06/bin:/usr/cad/synopsys/hspice/cur/simif/bin:/usr/cad/synopsys/hspice/cur/hspice/bin:/usr/cad/synopsys/hspice/cur/hspice/linux:/usr/cad/synopsys/hspice/cur/hspice/linux/veriloga_utils/veriloga/include:/usr/cad/synopsys/sold/cur:/usr/cad/synopsys/processor_designer/cur/PD/linux/bin:/usr/cad/synopsys/milkyway/cur/bin/AMD.64:/usr/cadtool/matlab/bin:/usr/cad/cadence/INCISIV/cur/tools/bin:/usr/cad/cadence/INCISIV/cur/tools/vtools/vfault/bin:/usr/cad/cadence/INCISIV/cur/tools/dfII/bin:/usr/cadence/IC/cur/tools/dfII/bin:/usr/cadence/IC/cur/tools/dracula/bin:/usr/cadence/IC/cur/tools/bin:/usr/cad/synopsys/icc/cur/amd64/syn/bin:/usr/cadtool/git/bin:/usr/cad/cadence/ETS/cur/tools/bin:/usr/cad/cadence/EDI/cur/tools/celtic/bin:/usr/cad/cadence/EDI/cur/tools/plato/bin:/usr/cad/cadence/EDI/cur/tools/dfII/bin:/usr/cad/cadence/EDI/cur/tools/fe/bin:/usr/cad/cadence/EDI/cur/tools/cdsdoc/bin:/usr/cad/cadence/EDI/cur/tools/bin:/usr/cad/cadence/EDI/cur//tools/tlfUtil/bin:/usr/cadtool/eclipse_2012/eclipse/:/usr/cad/spring_soft/verdi/cur/bin:/usr/cad/spring_soft/verdi/cur/nLint/bin:/usr/cad/cadence/CTOS/cur/tools/bin:/usr/bin/X11:/usr/cadtool/cad/synopsys/coreconsultant/cur/bin:/usr/cadtool/cadence/CONFRML/cur/./bin:/usr/cadtool/cadence/CONFRML/cur/tools/bin:/usr/mentor/calibre/cur/bin:/usr/cad/synopsys/astro/cur/bin/IA.32:/usr/cadtool/agilent/ADS/bin:/usr/cadtool/agilent/ADS/tools/bin:/usr/bin/X11:/usr/cad/synopsys/primetime/cur/linux/syn/bin:/usr/cad/synopsys/nanosim/cur/linux/ns/bin:/usr/lib64/qt-3.3/bin:/usr/kerberos/bin:/usr/local/bin:/bin:/usr/bin:/usr/cadtool/cad/synopsys/dw_home/cur/bin:/usr/cadtool/Acrobat5/bin:/usr/tma/bin:/usr/X11R6/bin
LM_LICENSE_FILE=26585@lsnctu:26585@lsncu:5219@lsncu:5229@lsnctu:5229@lsncu:5229@lsntu:5229@lsnchu:5280@lsnctu:5280@140.113.202.151:5280@lsnctu.EE.NCTU.edu.tw:7606@lsntu:7606@lsncu:1717@lsnctu:26585@lscic:27020@ws38:26585@lscic.cic.org.tw:5280@lscic:5280@lsncu:5280@lsntu:5280@lsnctu:5280@140.113.202.151:5280@lsnctu.EE.NCTU.edu.tw:5219@lsnctu:1717@lsnchu:1717@lsncu:1717@lsntu:7576@lsnctu.EE.NCTU.edu.tw:7576@lsnctu.EE.NCTU.edu.tw
DESIGNWARE_HOME=/usr/cadtool/cad/synopsys/dw_home/cur
PRIMETIME=/usr/cad/synopsys/primetime/cur
ENCOUNTER=/usr/cad/cadence/EDI/cur/tools/fe
SSH_TTY=/dev/pts/7
VENDOR=unknown
SPW_HOME=/usr/spw
MGC_TMPDIR=/tmp
LS_COLORS=no=00:fi=00:di=00;34:ln=00;36:pi=40;33:so=00;35:bd=40;33;01:cd=40;33;01:or=01;05;37;41:mi=01;05;37;41:ex=00;32:*.cmd=00;32:*.exe=00;32:*.com=00;32:*.btm=00;32:*.bat=00;32:*.sh=00;32:*.csh=00;32:*.tar=00;31:*.tgz=00;31:*.arj=00;31:*.taz=00;31:*.lzh=00;31:*.zip=00;31:*.z=00;31:*.Z=00;31:*.gz=00;31:*.bz2=00;31:*.bz=00;31:*.tz=00;31:*.rpm=00;31:*.cpio=00;31:*.jpg=00;35:*.gif=00;35:*.bmp=00;35:*.xbm=00;35:*.xpm=00;35:*.png=00;35:*.tif=00;35:
SYNOPSYS_TMAX=/usr/cad/synopsys/tmax/cur
SHLIB_PATH=/usr/cad/spring_soft/verdi/cur/share/PLI/nc_xl/LINUX64/xl_shared:/usr/cad/spring_soft/verdi/cur/share/PLI/nc_xl/LINUX64/nc_shared
OA_HOME=/usr/cad/cadence/EDI/cur/oa_v22.41.013
DISPLAY=localhost:12.0
MGC_HOME=/usr/mentor/calibre/cur
VCS_HOME=/usr/cad/synopsys/vcs/cur
PWD=/home/m103/m103061608/SquareVig/EDA_LAB/post_sim
HOY_LIC_FILE=4141@ws38
LISAHOME=/usr/cad/synopsys/processor_designer/cur/PD/linux
G_BROKEN_FILENAMES=1
MANPATH=/usr/cadtool/cad/synopsys/coreconsultant/cur/doc/dware/man:/usr/spw/CDS/tools/man:/usr/spw/caesys/lmgr/man:/usr/cad/synopsys/synthesis/cur/doc/syn/man
HOME=/home/m103/m103061608
SYNOPSYS=/usr/cad/synopsys/icc/cur
LD_LIBRARY_PATH=/usr/cad/cadence/INCISIV/cur/tools/lib:/usr/cad/cadence/INCISIV/cur/tools/vtools/vfault/lib:::/usr/cadence/IC/cur/tools/lib:/usr/cad/cadence/ETS/cur/tools/lib:/usr/cad/cadence/EDI/cur//tools/tlfUtil/lib:/usr/cad/spring_soft/verdi/cur/share/PLI/IUS/LINUX/:/usr/cad/spring_soft/verdi/cur/share/PLI/nc_xl/LINUX64/xl_shared:/usr/cad/spring_soft/verdi/cur/share/PLI/nc_xl/LINUX64/nc_shared:/usr/cad/cadence/CTOS/cur/tools/lib:/usr/cadtool/cadence/CONFRML/cur/tools/lib:/usr/openwin/lib:/usr/dt/lib:/usr/lib:/usr/local/lib
SYN_MAN_DIR=/usr/cad/synopsys/synthesis/cur/doc/syn/man
LOGNAME=m103061608
VCS_CC=gcc
HOSTNAME=ws34
SSH_ASKPASS=/usr/libexec/openssh/gnome-ssh-askpass
XLOCALEDIR=/usr/cad/synopsys/astro/cur/etc/locale
OSTYPE=linux
XKEYSYMDB=/usr/cad/synopsys/astro/cur/etc/XKeysymDB
SHLVL=1
USER=m103061608
QTLIB=/usr/lib64/qt-3.3/lib
SYNTHESIS=/usr/cad/synopsys/synthesis/cur
REMOTEHOST=srs6
Laker_TCL_L3=1
ARCH=linux
MAKEFLAGS=
MFLAGS=
SSH_CLIENT=140.114.24.76 48102 22
MAIL=/var/spool/mail/m103061608
KDEDIR=/usr
STHOME=/usr/cadtool/tcad/current
Laker_TCL_ToolBox=1
KDE_IS_PRELINKED=1
SPW_SYS_DB=/usr/spw
HSP_HOME=/usr/cad/synopsys/hspice/cur/hspice
OAHOME=/usr/cad/cadence/EDI/cur/oa_v22.41.013
HOSTTYPE=x86_64-linux
VERPLEX_HOME=/usr/cadtool/cadence/CONFRML/cur
GROUP=m103
CDS_Netlisting_Mode=Analog
INPUTRC=/etc/inputrc
STDB=/home/m103/m103061608/STDB
QTINC=/usr/lib64/qt-3.3/include
STROOT=/usr/cadtool/tcad/current
SFLM_SERVER=140.114.24.112
TERM=xterm
AGILEESOFD_LICENSE_FILE=@140.114.24.136
HOST=ws34
MAKELEVEL=1
/home/m103/m103061608/SquareVig/EDA_LAB/post_sim/INCA_libs/irun.lnx86.11.10.nc/svpp.ts
CDS_ARCH=lnx86
NCRUNMODE=ncverilog:./INCA_libs/irun.lnx86.11.10.nc
IRUNBATCH=FALSE
TCL_LIBRARY=/usr/cad/cadence/INCISIV/cur/tools/inca/files/tcl/library
Runtime command line arguments:
argv[0]=ncverilog
argv[1]=testbench.v
argv[2]=square_root_finder_sim.v
argv[3]=-v
argv[4]=/home/m103/m103061630/lab/T18/Verilog/tsmc18.v
argv[5]=+access+r
104 profile - 100
          CPU/Mem usage: 0.070 sys,  0.090 user,  45.97M sys,  0.00M vm
105 VC callback profile - scalar:0 vector:0
106 Thu May 26 21:06:44 2016
107 pliAppInit
108 pliAppMiscSet: New Sim Round
109 LIBSSCORE=found /usr/cad/spring_soft/verdi/cur/share/PLI/IUS/LINUX/libsscore_ius111.so through $LD_LIBRARY_PATH setting.
110 argv[0]: square_root_finder_syn.fsdb
111 Catch signal 11. Stack trace follows:
#0  0xffffe410 in __kernel_vsyscall ()
#1  0x00739ff3 in __read_nocancel () from /lib/libc.so.6
#2  0x006d9f68 in _IO_file_read_internal () from /lib/libc.so.6
#3  0x006db2c0 in _IO_new_file_underflow () from /lib/libc.so.6
#4  0x006db9bb in _IO_default_uflow_internal () from /lib/libc.so.6
#5  0x006dcd2d in __uflow () from /lib/libc.so.6
#6  0x006d06b6 in _IO_getline_info_internal () from /lib/libc.so.6
#7  0x006d0601 in _IO_getline_internal () from /lib/libc.so.6
#8  0x006cf57a in fgets () from /lib/libc.so.6
#9  0xf71a6951 in ndpGetCallStack () from /usr/cad/spring_soft/verdi/cur/share/PLI/IUS/LINUX/libsscore_ius111.so
#10 0xf71cc784 in pliAppDbg_SigHandler () from /usr/cad/spring_soft/verdi/cur/share/PLI/IUS/LINUX/libsscore_ius111.so
#11 0xf71a64d4 in catchSignalCB () from /usr/cad/spring_soft/verdi/cur/share/PLI/IUS/LINUX/libsscore_ius111.so
#12 <signal handler called>
#13 0x0a06bb9a in ?? ()
#14 0x0a06bb90 in ?? ()
#15 0x00000000 in ?? ()
112 Novas FSDB Dumper for IUS, Release 2012.01, Linux, 01/13/2012
113 Copyright (C) 1996 - 2012 by SpringSoft, Inc.
114 ***********************************************************************
115 *  WARNING -                                                          *
116 *  The FSDB dumper support is still in beta stage for the simulator   *
117 *  version that you are running. For any abnormal behavior, please    *
118 *  contact SpringSoft support at support@springsoft.com for           *
119 *  assistance.                                                        *
120 ***********************************************************************
121 sps_call_fsdbDumpfile at 0 : /home/m103/m103061608/SquareVig/EDA_LAB/post_sim/testbench.v(36)
122 argv[0]: square_root_finder_syn.fsdb
123 *Novas* : Create FSDB file 'square_root_finder_syn.fsdb'
124 sps_call_fsdbDumpvars at 0 : /home/m103/m103061608/SquareVig/EDA_LAB/post_sim/testbench.v(37)
125 *Novas* : Begin traversing the scopes, layer (0).
126 Cell instance `testbench.square_root_finder1.FE_PHC18_n342'.
127 *Novas* : End of traversing.
128 fsdbDumpvars traverse var: profile - 
          CPU/Mem usage: 0.070 sys,  0.400 user,  56.80M sys,  0.00M vm
                   incr: 0.000 sys,  0.300 user,  7.79M sys,  0.00M vm
                   accu: 0.000 sys,  0.300 user,  7.79M sys,  0.00M vm
              accu incr: 0.000 sys,  0.300 user,  7.79M sys,  0.00M vm

          Count usage: 24558 var,  11105 idcode,  11105 callback
                 incr: 24558 var,  11105 idcode,  11105 callback
                 accu: 24558 var,  11105 idcode,  11105 callback
            accu incr: 24558 var,  11105 idcode,  11105 callback
129 VC callback profile - scalar:0 vector:0
130 Thu May 26 21:06:45 2016
131 fsdbDumpvars: profile - 
          CPU/Mem usage: 0.070 sys,  0.400 user,  57.85M sys,  0.00M vm
                   incr: 0.000 sys,  0.000 user,  1.05M sys,  0.00M vm
                   accu: 0.000 sys,  0.300 user,  8.84M sys,  0.00M vm
              accu incr: 0.000 sys,  0.000 user,  1.05M sys,  0.00M vm

          Count usage: 24558 var,  11105 idcode,  11105 callback
                 incr: 0 var,  0 idcode,  0 callback
                 accu: 24558 var,  11105 idcode,  11105 callback
            accu incr: 0 var,  0 idcode,  0 callback
132 VC callback profile - scalar:11104 vector:1
133 Thu May 26 21:06:45 2016
134 End of simulation at 4970000
135 VC callback profile - scalar:111354 vector:4
136 Thu May 26 21:06:45 2016
137 SimExit
138 Sim process exit
